<?xml version="1.0" encoding="UTF-8"?>
<testsuite xmlns:xsi="http://www.w3.org/2001/XMLSchema-instance" xsi:noNamespaceSchemaLocation="https://maven.apache.org/surefire/maven-surefire-plugin/xsd/surefire-test-report-3.0.xsd" version="3.0" name="com.MichiSistema.persistencia.CRUD.OrdenServiceTest" time="0.021" tests="4" errors="0" skipped="4" failures="0">
  <properties>
[...]
</properties>
  <testcase name="actualizarOrden" classname="com.MichiSistema.persistencia.CRUD.OrdenServiceTest" time="0.0">
    <skipped message="Deshabilitado temporalmente para pruebas"/>
    <system-out><![CDATA[🟨 ordenDAO es instancia de: com.MichiSistema.persistencia.CRUD.OrdenCRUD
]]></system-out>
  </testcase>
  <testcase name="eliminarOrden" classname="com.MichiSistema.persistencia.CRUD.OrdenServiceTest" time="0.0">
    <skipped message="Deshabilitado temporalmente para pruebas"/>
  </testcase>
  <testcase name="obtenerOrden" classname="com.MichiSistema.persistencia.CRUD.OrdenServiceTest" time="0.0">
    <skipped message="Deshabilitado temporalmente para pruebas"/>
  </testcase>
  <testcase name="registrarOrden" classname="com.MichiSistema.persistencia.CRUD.OrdenServiceTest" time="0.0">
    <skipped message="Deshabilitado temporalmente para pruebas"/>
  </testcase>
</testsuite>